
> eliza@ start /root/wei/0g-eliza
> pnpm --filter "@ai16z/agent" start --isRoot "--character=characters/test.character.json"


> @ai16z/agent@0.0.1 start /root/wei/0g-eliza/packages/agent
> tsc && node --loader ts-node/esm src/index.ts "--isRoot" "--character=characters/test.character.json"

(node:600072) ExperimentalWarning: `--experimental-loader` may be removed in the future; instead use `register()`:
--import 'data:text/javascript,import { register } from "node:module"; import { pathToFileURL } from "node:url"; register("ts-node/esm", pathToFileURL("./"));'
(Use `node --trace-warnings ...` to show where the warning was created)
(node:600072) [DEP0180] DeprecationWarning: fs.Stats constructor is deprecated.
(Use `node --trace-deprecation ...` to show where the warning was created)
Loaded .env file from: /root/wei/0g-eliza/.env
Loaded .env file from: /root/wei/0g-eliza/.env
bigint: Failed to load bindings, pure JS will be used (try npm run rebuild?)
(node:600072) [DEP0040] DeprecationWarning: The `punycode` module is deprecated. Please use a userland alternative instead.
DirectClientInterface start
DirectClient constructor
Plugins are:  [ '@ai16z/plugin-0g' ]
[37m ["◎ sqlite-vec extensions loaded successfully."] [0m

Creating runtime for character test-aaa
Agent ID f935a340-7dce-021c-93e5-626cfed1d245
[32m ["✓ Registering action: CONTINUE"] [0m

[32m ["✓ Registering action: FOLLOW_ROOM"] [0m

[32m ["✓ Registering action: UNFOLLOW_ROOM"] [0m

[32m ["✓ Registering action: IGNORE"] [0m

[32m ["✓ Registering action: NONE"] [0m

[32m ["✓ Registering action: MUTE_ROOM"] [0m

[32m ["✓ Registering action: UNMUTE_ROOM"] [0m

Registering service: browser
Registering service: image_description
Registering service: text_generation
Registering service: pdf
Registering service: speech_generation
Registering service: transcription
Registering service: video
[32m ["✓ Registering action: ZG_UPLOAD"] [0m

Chat started. Type 'exit' to quit.
You: Server running at http://localhost:3000/
